[debug] ----------------------------------------------------------------------
[debug] Command:      /Users/ShaunRogers1/.nvm/versions/node/v6.3.1/bin/node /Users/ShaunRogers1/.nvm/versions/node/v6.3.1/bin/firebase serve
[debug] CLI Version:  3.0.7
[debug] Platform:     darwin
[debug] Node Version: v6.3.1
[debug] Time:         Fri Sep 09 2016 23:02:12 GMT-0400 (EDT)
[debug] ----------------------------------------------------------------------
[debug] 
[info] Starting Firebase development server...
[info] 
[info] Project Directory: /Users/ShaunRogers1/Documents/Courses/Month 17/Streaming Media Servers/Project/Ready?
[info] Public Directory: public
[info] 
[info] Server listening at: http://localhost:5000
[debug] ----------------------------------------------------------------------
[debug] Command:      /Users/ShaunRogers1/.nvm/versions/node/v6.3.1/bin/node /Users/ShaunRogers1/.nvm/versions/node/v6.3.1/bin/firebase serve
[debug] CLI Version:  3.0.7
[debug] Platform:     darwin
[debug] Node Version: v6.3.1
[debug] Time:         Sun Sep 11 2016 20:30:52 GMT-0400 (EDT)
[debug] ----------------------------------------------------------------------
[debug] 
[info] Starting Firebase development server...
[info] 
[info] Project Directory: /Users/ShaunRogers1/Documents/Courses/Month 17/Streaming Media Servers/Project/Ready?
[info] Public Directory: public
[info] 
[info] Server listening at: http://localhost:5000
